# JRE version: Java(TM) SE Runtime Environment (10.0.1+10) (build 10.0.1+10)
# Java VM: Java HotSpot(TM) 64-Bit Server VM (10.0.1+10, mixed mode, tiered, compressed oops, g1 gc, bsd-amd64)
Heap:
 garbage-first heap   total 157696K, used 68869K [0x0000000740000000, 0x00000007c0000000)
  region size 1024K, 61 young (62464K), 9 survivors (9216K)
 Metaspace       used 32181K, capacity 33172K, committed 33584K, reserved 1079296K
  class space    used 3914K, capacity 4288K, committed 4400K, reserved 1048576K
GC Heap History (10 events):
Event: 2.275 GC heap before
{Heap before GC invocations=2 (full 0):
 garbage-first heap   total 131072K, used 31606K [0x0000000740000000, 0x00000007c0000000)
  region size 1024K, 26 young (26624K), 1 survivors (1024K)
 Metaspace       used 15838K, capacity 16280K, committed 16512K, reserved 1064960K
  class space    used 1655K, capacity 1846K, committed 1920K, reserved 1048576K
}
Event: 2.281 GC heap after
{Heap after GC invocations=3 (full 0):
 garbage-first heap   total 131072K, used 7265K [0x0000000740000000, 0x00000007c0000000)
  region size 1024K, 3 young (3072K), 3 survivors (3072K)
 Metaspace       used 15838K, capacity 16280K, committed 16512K, reserved 1064960K
  class space    used 1655K, capacity 1846K, committed 1920K, reserved 1048576K
}
Event: 2.685 GC heap before
{Heap before GC invocations=3 (full 0):
 garbage-first heap   total 131072K, used 44129K [0x0000000740000000, 0x00000007c0000000)
  region size 1024K, 39 young (39936K), 3 survivors (3072K)
 Metaspace       used 18982K, capacity 19539K, committed 19712K, reserved 1067008K
  class space    used 2038K, capacity 2301K, committed 2304K, reserved 1048576K
}
Event: 2.690 GC heap after
{Heap after GC invocations=4 (full 0):
 garbage-first heap   total 131072K, used 8062K [0x0000000740000000, 0x00000007c0000000)
  region size 1024K, 3 young (3072K), 3 survivors (3072K)
 Metaspace       used 18982K, capacity 19539K, committed 19712K, reserved 1067008K
  class space    used 2038K, capacity 2301K, committed 2304K, reserved 1048576K
}
Event: 2.990 GC heap before
{Heap before GC invocations=4 (full 0):
 garbage-first heap   total 131072K, used 19326K [0x0000000740000000, 0x00000007c0000000)
  region size 1024K, 15 young (15360K), 3 survivors (3072K)
 Metaspace       used 20429K, capacity 21087K, committed 21296K, reserved 1069056K
  class space    used 2322K, capacity 2604K, committed 2608K, reserved 1048576K
}
Event: 2.995 GC heap after
{Heap after GC invocations=5 (full 0):
 garbage-first heap   total 131072K, used 8518K [0x0000000740000000, 0x00000007c0000000)
  region size 1024K, 4 young (4096K), 4 survivors (4096K)
 Metaspace       used 20429K, capacity 21087K, committed 21296K, reserved 1069056K
  class space    used 2322K, capacity 2604K, committed 2608K, reserved 1048576K
}
Event: 4.216 GC heap before
{Heap before GC invocations=6 (full 0):
 garbage-first heap   total 131072K, used 68934K [0x0000000740000000, 0x00000007c0000000)
  region size 1024K, 63 young (64512K), 4 survivors (4096K)
 Metaspace       used 28393K, capacity 29081K, committed 29488K, reserved 1075200K
  class space    used 3310K, capacity 3609K, committed 3632K, reserved 1048576K
}
Event: 4.229 GC heap after
{Heap after GC invocations=7 (full 0):
 garbage-first heap   total 131072K, used 13270K [0x0000000740000000, 0x00000007c0000000)
  region size 1024K, 8 young (8192K), 8 survivors (8192K)
 Metaspace       used 28393K, capacity 29081K, committed 29488K, reserved 1075200K
  class space    used 3310K, capacity 3609K, committed 3632K, reserved 1048576K
}
Event: 5.302 GC heap before
{Heap before GC invocations=7 (full 0):
 garbage-first heap   total 131072K, used 79830K [0x0000000740000000, 0x00000007c0000000)
  region size 1024K, 73 young (74752K), 8 survivors (8192K)
 Metaspace       used 29023K, capacity 29880K, committed 30128K, reserved 1075200K
  class space    used 3407K, capacity 3758K, committed 3760K, reserved 1048576K
}
Event: 5.324 GC heap after
{Heap after GC invocations=8 (full 0):
 garbage-first heap   total 157696K, used 16645K [0x0000000740000000, 0x00000007c0000000)
  region size 1024K, 9 young (9216K), 9 survivors (9216K)
 Metaspace       used 29023K, capacity 29880K, committed 30128K, reserved 1075200K
  class space    used 3407K, capacity 3758K, committed 3760K, reserved 1048576K
}

